2019-06-04 11:21:45.135  INFO 18804 --- [main] com.supbank.SupbankApplicationTests      : Starting SupbankApplicationTests on KONGWeijia with PID 18804 (started by kwj19 in D:\SupBank_End\SupBank\server\supbank)
2019-06-04 11:21:45.143 DEBUG 18804 --- [main] com.supbank.SupbankApplicationTests      : Running with Spring Boot v2.1.2.RELEASE, Spring v5.1.4.RELEASE
2019-06-04 11:21:45.144  INFO 18804 --- [main] com.supbank.SupbankApplicationTests      : The following profiles are active: dev
2019-06-04 11:21:49.312  INFO 18804 --- [main] o.s.s.concurrent.ThreadPoolTaskExecutor  : Initializing ExecutorService 'applicationTaskExecutor'
2019-06-04 11:21:49.897  INFO 18804 --- [main] o.s.b.a.w.s.WelcomePageHandlerMapping    : Adding welcome page: class path resource [static/index.html]
2019-06-04 11:21:50.520  INFO 18804 --- [main] com.supbank.SupbankApplicationTests      : Started SupbankApplicationTests in 6.118 seconds (JVM running for 7.701)
2019-06-04 11:21:51.053  INFO 18804 --- [Thread-3] o.s.s.concurrent.ThreadPoolTaskExecutor  : Shutting down ExecutorService 'applicationTaskExecutor'
2019-06-04 11:33:49.871  INFO 18660 --- [main] com.supbank.SupbankApplicationTests      : Starting SupbankApplicationTests on KONGWeijia with PID 18660 (started by kwj19 in D:\SupBank_End\SupBank\server\supbank)
2019-06-04 11:33:49.873 DEBUG 18660 --- [main] com.supbank.SupbankApplicationTests      : Running with Spring Boot v2.1.2.RELEASE, Spring v5.1.4.RELEASE
2019-06-04 11:33:49.874  INFO 18660 --- [main] com.supbank.SupbankApplicationTests      : The following profiles are active: dev
2019-06-04 11:33:56.565  INFO 18660 --- [main] o.s.s.concurrent.ThreadPoolTaskExecutor  : Initializing ExecutorService 'applicationTaskExecutor'
2019-06-04 11:33:57.451  INFO 18660 --- [main] o.s.b.a.w.s.WelcomePageHandlerMapping    : Adding welcome page: class path resource [static/index.html]
2019-06-04 11:33:58.092  INFO 18660 --- [main] com.supbank.SupbankApplicationTests      : Started SupbankApplicationTests in 10.391 seconds (JVM running for 13.01)
2019-06-04 11:33:58.767  INFO 18660 --- [Thread-3] o.s.s.concurrent.ThreadPoolTaskExecutor  : Shutting down ExecutorService 'applicationTaskExecutor'
2019-06-04 12:34:03.126  INFO 3912 --- [main] com.supbank.SupbankApplicationTests      : Starting SupbankApplicationTests on KONGWeijia with PID 3912 (started by kwj19 in D:\SupBank_End\SupBank\server\supbank)
2019-06-04 12:34:03.132 DEBUG 3912 --- [main] com.supbank.SupbankApplicationTests      : Running with Spring Boot v2.1.2.RELEASE, Spring v5.1.4.RELEASE
2019-06-04 12:34:03.133  INFO 3912 --- [main] com.supbank.SupbankApplicationTests      : The following profiles are active: dev
2019-06-04 12:34:08.856  INFO 3912 --- [main] o.s.s.concurrent.ThreadPoolTaskExecutor  : Initializing ExecutorService 'applicationTaskExecutor'
2019-06-04 12:34:09.652  INFO 3912 --- [main] o.s.b.a.w.s.WelcomePageHandlerMapping    : Adding welcome page: class path resource [static/index.html]
2019-06-04 12:34:10.340  INFO 3912 --- [main] com.supbank.SupbankApplicationTests      : Started SupbankApplicationTests in 9.184 seconds (JVM running for 15.344)
2019-06-04 12:34:11.297  INFO 3912 --- [Thread-3] o.s.s.concurrent.ThreadPoolTaskExecutor  : Shutting down ExecutorService 'applicationTaskExecutor'
